<?xml version="1.0" encoding="UTF-8"?>
<!-- Generated by org.testng.reporters.JUnitReportReporter -->
<testsuite skipped="0" hostname="Samsul_Alam" name="com.test.TestNG.DataProvider1" tests="8" failures="0" timestamp="2021-07-25T19:47:08 IST" time="0.031" errors="0">
  <testcase name="loginTest1" time="0.002" classname="com.test.TestNG.DataProvider1"/>
  <system-out/>
  <testcase name="loginTest1" time="0.003" classname="com.test.TestNG.DataProvider1"/>
  <system-out/>
  <testcase name="loginTest1" time="0.003" classname="com.test.TestNG.DataProvider1"/>
  <system-out/>
  <testcase name="loginTest" time="0.002" classname="com.test.TestNG.DataProvider1"/>
  <system-out/>
  <testcase name="loginTest" time="0.010" classname="com.test.TestNG.DataProvider1"/>
  <system-out/>
  <testcase name="loginTest" time="0.002" classname="com.test.TestNG.DataProvider1"/>
  <system-out/>
  <testcase name="loginTest" time="0.005" classname="com.test.TestNG.DataProvider1"/>
  <system-out/>
  <testcase name="loginTest1" time="0.004" classname="com.test.TestNG.DataProvider1"/>
  <system-out/>
</testsuite> <!-- com.test.TestNG.DataProvider1 -->
