<?xml version="1.0" encoding="UTF-8"?>
<!-- Generated by org.testng.reporters.JUnitReportReporter -->
<testsuite skipped="0" hostname="Samsul_Alam" name="com.test.TestNG.TestNGGroups" tests="13" failures="0" timestamp="2021-07-25T12:06:22 IST" time="0.708" errors="0">
  <testcase name="verifySearchText" time="0.050" classname="com.test.TestNG.TestNGGroups"/>
  <system-out/>
  <testcase name="verifySavedLink" time="0.038" classname="com.test.TestNG.TestNGGroups"/>
  <system-out/>
  <testcase name="verifyHomeLink" time="0.038" classname="com.test.TestNG.TestNGGroups"/>
  <system-out/>
  <testcase name="verifyElectronicsLink" time="0.052" classname="com.test.TestNG.TestNGGroups"/>
  <system-out/>
  <testcase name="verifyFashionLink" time="0.021" classname="com.test.TestNG.TestNGGroups"/>
  <system-out/>
  <testcase name="verifyHealthLink" time="0.040" classname="com.test.TestNG.TestNGGroups"/>
  <system-out/>
  <testcase name="verifyHomeGarden" time="0.038" classname="com.test.TestNG.TestNGGroups"/>
  <system-out/>
  <testcase name="verifySports" time="0.055" classname="com.test.TestNG.TestNGGroups"/>
  <system-out/>
  <testcase name="verifyCollection" time="0.049" classname="com.test.TestNG.TestNGGroups"/>
  <system-out/>
  <testcase name="verifyIndustrialEquipement" time="0.053" classname="com.test.TestNG.TestNGGroups"/>
  <system-out/>
  <testcase name="verifyMotors" time="0.044" classname="com.test.TestNG.TestNGGroups"/>
  <system-out/>
  <testcase name="verifyDeals" time="0.054" classname="com.test.TestNG.TestNGGroups"/>
  <system-out/>
  <testcase name="verifySell" time="0.176" classname="com.test.TestNG.TestNGGroups"/>
  <system-out/>
</testsuite> <!-- com.test.TestNG.TestNGGroups -->
