<?xml version="1.0" encoding="UTF-8"?>
<!-- Generated by org.testng.reporters.JUnitReportReporter -->
<testsuite skipped="1" hostname="Samsul_Alam" name="com.test.TestNG.TestListeners" tests="5" failures="0" timestamp="2021-07-26T11:23:48 IST" time="0.057" errors="0">
  <testcase name="test1" time="0.032" classname="com.test.TestNG.TestListeners"/>
  <system-out/>
  <testcase name="test2" time="0.016" classname="com.test.TestNG.TestListeners"/>
  <system-out/>
  <testcase name="test3" time="0.003" classname="com.test.TestNG.TestListeners"/>
  <system-out/>
  <testcase name="test4" time="0.002" classname="com.test.TestNG.TestListeners"/>
  <system-out/>
  <testcase name="test5" time="0.004" classname="com.test.TestNG.TestListeners">
    <skipped/>
  </testcase> <!-- test5 -->
  <system-out/>
</testsuite> <!-- com.test.TestNG.TestListeners -->
