<?xml version="1.0" encoding="UTF-8"?>
<!-- Generated by org.testng.reporters.JUnitReportReporter -->
<testsuite skipped="0" hostname="Samsul_Alam" name="Annotations.TestAnnotations" tests="2" failures="0" timestamp="2021-07-22T22:36:04 IST" time="0.010" errors="0">
  <testcase name="aTest1" time="0.007" classname="Annotations.TestAnnotations"/>
  <system-out/>
  <testcase name="bTest2" time="0.003" classname="Annotations.TestAnnotations"/>
  <system-out/>
</testsuite> <!-- Annotations.TestAnnotations -->
