<?xml version="1.0" encoding="UTF-8"?>
<!-- Generated by org.testng.reporters.JUnitReportReporter -->
<testsuite skipped="0" hostname="Samsul_Alam" name="com.test.TestNG.TestAnnotations" tests="4" failures="0" timestamp="2021-07-25T14:24:49 IST" time="109.655" errors="0">
  <testcase name="bestSellerLinkValidation" time="5.961" classname="com.test.TestNG.TestAnnotations"/>
  <system-out/>
  <testcase name="mobileLinkValidation" time="64.464" classname="com.test.TestNG.TestAnnotations"/>
  <system-out/>
  <testcase name="fashionLinkValidation" time="22.027" classname="com.test.TestNG.TestAnnotations"/>
  <system-out/>
  <testcase name="electronicsLinkValidation" time="17.203" classname="com.test.TestNG.TestAnnotations"/>
  <system-out/>
</testsuite> <!-- com.test.TestNG.TestAnnotations -->
