<?xml version="1.0" encoding="UTF-8"?>
<!-- Generated by org.testng.reporters.JUnitReportReporter -->
<testsuite skipped="0" hostname="Samsul_Alam" name="com.test.TestNG.dataProvider" tests="8" failures="0" timestamp="2021-07-25T16:29:10 IST" time="0.032" errors="0">
  <testcase name="test2" time="0.003" classname="com.test.TestNG.dataProvider"/>
  <system-out/>
  <testcase name="test1" time="0.003" classname="com.test.TestNG.dataProvider"/>
  <system-out/>
  <testcase name="test2" time="0.003" classname="com.test.TestNG.dataProvider"/>
  <system-out/>
  <testcase name="test2" time="0.003" classname="com.test.TestNG.dataProvider"/>
  <system-out/>
  <testcase name="test1" time="0.003" classname="com.test.TestNG.dataProvider"/>
  <system-out/>
  <testcase name="test1" time="0.010" classname="com.test.TestNG.dataProvider"/>
  <system-out/>
  <testcase name="test2" time="0.003" classname="com.test.TestNG.dataProvider"/>
  <system-out/>
  <testcase name="test1" time="0.004" classname="com.test.TestNG.dataProvider"/>
  <system-out/>
</testsuite> <!-- com.test.TestNG.dataProvider -->
