<?xml version="1.0" encoding="UTF-8"?>
<!-- Generated by org.testng.reporters.JUnitReportReporter -->
<testsuite skipped="0" hostname="Samsul_Alam" name="com.test.TestNG.Assertion" tests="1" failures="0" timestamp="2021-07-25T19:57:22 IST" time="11.790" errors="0">
  <testcase name="verifyTestTitle" time="11.790" classname="com.test.TestNG.Assertion"/>
  <system-out/>
</testsuite> <!-- com.test.TestNG.Assertion -->
